<?xml version="1.0" encoding="UTF-8"?>
<!-- Generated by org.testng.reporters.JUnitXMLReporter -->
<testsuite hostname="DESKTOP-G1T6KU3" name="Default test" tests="4" failures="0" timestamp="25 Jun 2019 21:44:31 GMT" time="15.836" errors="0">
  <testcase name="googleLogoTest" time="0.073" classname="testng.GoogleTitleTest"/>
  <testcase name="googleLogoTest" time="0.073" classname="testng.GoogleTitleTest"/>
  <testcase name="googleTitleTest" time="0.008" classname="testng.GoogleTitleTest"/>
  <testcase name="googleTitleTest" time="0.008" classname="testng.GoogleTitleTest"/>
</testsuite> <!-- Default test -->
