<?xml version="1.0" encoding="UTF-8"?>
<!-- Generated by org.testng.reporters.JUnitXMLReporter -->
<testsuite hostname="DESKTOP-1UNN7PP" ignored="0" name="TestingGoogle4" tests="101" failures="0" timestamp="2019-06-25T17:57:46 BST" time="0.523" errors="0">
  <testcase name="sum" time="0.002" classname="testng.InvocationCountTest"/>
  <testcase name="sum" time="0.001" classname="testng.InvocationCountTest"/>
  <testcase name="sum" time="0.0" classname="testng.InvocationCountTest"/>
  <testcase name="sum" time="0.003" classname="testng.InvocationCountTest"/>
  <testcase name="sum" time="0.003" classname="testng.InvocationCountTest"/>
  <testcase name="sum" time="0.003" classname="testng.InvocationCountTest"/>
  <testcase name="sum" time="0.001" classname="testng.InvocationCountTest"/>
  <testcase name="sum" time="0.001" classname="testng.InvocationCountTest"/>
  <testcase name="sum" time="0.004" classname="testng.InvocationCountTest"/>
  <testcase name="sum" time="0.004" classname="testng.InvocationCountTest"/>
  <testcase name="sum" time="0.002" classname="testng.InvocationCountTest"/>
  <testcase name="sum" time="0.002" classname="testng.InvocationCountTest"/>
  <testcase name="sum" time="0.003" classname="testng.InvocationCountTest"/>
  <testcase name="sum" time="0.001" classname="testng.InvocationCountTest"/>
  <testcase name="sum" time="0.003" classname="testng.InvocationCountTest"/>
  <testcase name="sum" time="0.002" classname="testng.InvocationCountTest"/>
  <testcase name="sum" time="0.001" classname="testng.InvocationCountTest"/>
  <testcase name="sum" time="0.001" classname="testng.InvocationCountTest"/>
  <testcase name="sum" time="0.002" classname="testng.InvocationCountTest"/>
  <testcase name="sum" time="0.002" classname="testng.InvocationCountTest"/>
  <testcase name="sum" time="0.003" classname="testng.InvocationCountTest"/>
  <testcase name="sum" time="0.003" classname="testng.InvocationCountTest"/>
  <testcase name="sum" time="0.001" classname="testng.InvocationCountTest"/>
  <testcase name="sum" time="0.001" classname="testng.InvocationCountTest"/>
  <testcase name="sum" time="0.004" classname="testng.InvocationCountTest"/>
  <testcase name="sum" time="0.002" classname="testng.InvocationCountTest"/>
  <testcase name="sum" time="0.001" classname="testng.InvocationCountTest"/>
  <testcase name="sum" time="0.001" classname="testng.InvocationCountTest"/>
  <testcase name="sum" time="0.002" classname="testng.InvocationCountTest"/>
  <testcase name="sum" time="0.001" classname="testng.InvocationCountTest"/>
  <testcase name="sum" time="0.001" classname="testng.InvocationCountTest"/>
  <testcase name="sum" time="0.004" classname="testng.InvocationCountTest"/>
  <testcase name="sum" time="0.001" classname="testng.InvocationCountTest"/>
  <testcase name="sum" time="0.007" classname="testng.InvocationCountTest"/>
  <testcase name="sum" time="0.0" classname="testng.InvocationCountTest"/>
  <testcase name="sum" time="0.002" classname="testng.InvocationCountTest"/>
  <testcase name="sum" time="0.001" classname="testng.InvocationCountTest"/>
  <testcase name="sum" time="0.001" classname="testng.InvocationCountTest"/>
  <testcase name="sum" time="0.001" classname="testng.InvocationCountTest"/>
  <testcase name="sum" time="0.0" classname="testng.InvocationCountTest"/>
  <testcase name="sum" time="0.001" classname="testng.InvocationCountTest"/>
  <testcase name="sum" time="0.001" classname="testng.InvocationCountTest"/>
  <testcase name="sum" time="0.002" classname="testng.InvocationCountTest"/>
  <testcase name="sum" time="0.001" classname="testng.InvocationCountTest"/>
  <testcase name="sum" time="0.001" classname="testng.InvocationCountTest"/>
  <testcase name="sum" time="0.0" classname="testng.InvocationCountTest"/>
  <testcase name="sum" time="0.001" classname="testng.InvocationCountTest"/>
  <testcase name="sum" time="0.001" classname="testng.InvocationCountTest"/>
  <testcase name="sum" time="0.0" classname="testng.InvocationCountTest"/>
  <testcase name="sum" time="0.001" classname="testng.InvocationCountTest"/>
  <testcase name="sum" time="0.001" classname="testng.InvocationCountTest"/>
  <testcase name="sum" time="0.001" classname="testng.InvocationCountTest"/>
  <testcase name="sum" time="0.001" classname="testng.InvocationCountTest"/>
  <testcase name="sum" time="0.002" classname="testng.InvocationCountTest"/>
  <testcase name="sum" time="0.001" classname="testng.InvocationCountTest"/>
  <testcase name="sum" time="0.004" classname="testng.InvocationCountTest"/>
  <testcase name="sum" time="0.002" classname="testng.InvocationCountTest"/>
  <testcase name="sum" time="0.001" classname="testng.InvocationCountTest"/>
  <testcase name="sum" time="0.0" classname="testng.InvocationCountTest"/>
  <testcase name="sum" time="0.001" classname="testng.InvocationCountTest"/>
  <testcase name="sum" time="0.001" classname="testng.InvocationCountTest"/>
  <testcase name="sum" time="0.0" classname="testng.InvocationCountTest"/>
  <testcase name="sum" time="0.001" classname="testng.InvocationCountTest"/>
  <testcase name="sum" time="0.001" classname="testng.InvocationCountTest"/>
  <testcase name="sum" time="0.001" classname="testng.InvocationCountTest"/>
  <testcase name="sum" time="0.001" classname="testng.InvocationCountTest"/>
  <testcase name="sum" time="0.0" classname="testng.InvocationCountTest"/>
  <testcase name="sum" time="0.001" classname="testng.InvocationCountTest"/>
  <testcase name="sum" time="0.117" classname="testng.InvocationCountTest"/>
  <testcase name="sum" time="0.0" classname="testng.InvocationCountTest"/>
  <testcase name="sum" time="0.002" classname="testng.InvocationCountTest"/>
  <testcase name="sum" time="0.001" classname="testng.InvocationCountTest"/>
  <testcase name="sum" time="0.002" classname="testng.InvocationCountTest"/>
  <testcase name="sum" time="0.0" classname="testng.InvocationCountTest"/>
  <testcase name="sum" time="0.006" classname="testng.InvocationCountTest"/>
  <testcase name="sum" time="0.0" classname="testng.InvocationCountTest"/>
  <testcase name="sum" time="0.001" classname="testng.InvocationCountTest"/>
  <testcase name="sum" time="0.001" classname="testng.InvocationCountTest"/>
  <testcase name="sum" time="0.001" classname="testng.InvocationCountTest"/>
  <testcase name="sum" time="0.002" classname="testng.InvocationCountTest"/>
  <testcase name="sum" time="0.0" classname="testng.InvocationCountTest"/>
  <testcase name="sum" time="0.001" classname="testng.InvocationCountTest"/>
  <testcase name="sum" time="0.001" classname="testng.InvocationCountTest"/>
  <testcase name="sum" time="0.0" classname="testng.InvocationCountTest"/>
  <testcase name="sum" time="0.001" classname="testng.InvocationCountTest"/>
  <testcase name="sum" time="0.001" classname="testng.InvocationCountTest"/>
  <testcase name="sum" time="0.001" classname="testng.InvocationCountTest"/>
  <testcase name="sum" time="0.001" classname="testng.InvocationCountTest"/>
  <testcase name="sum" time="0.001" classname="testng.InvocationCountTest"/>
  <testcase name="sum" time="0.0" classname="testng.InvocationCountTest"/>
  <testcase name="sum" time="0.001" classname="testng.InvocationCountTest"/>
  <testcase name="sum" time="0.001" classname="testng.InvocationCountTest"/>
  <testcase name="sum" time="0.0" classname="testng.InvocationCountTest"/>
  <testcase name="sum" time="0.0" classname="testng.InvocationCountTest"/>
  <testcase name="sum" time="0.0" classname="testng.InvocationCountTest"/>
  <testcase name="sum" time="0.001" classname="testng.InvocationCountTest"/>
  <testcase name="sum" time="0.001" classname="testng.InvocationCountTest"/>
  <testcase name="sum" time="0.001" classname="testng.InvocationCountTest"/>
  <testcase name="sum" time="0.0" classname="testng.InvocationCountTest"/>
  <testcase name="sum" time="0.001" classname="testng.InvocationCountTest"/>
  <testcase name="test1" time="0.001" classname="testng.InvocationCountTest"/>
</testsuite> <!-- TestingGoogle4 -->
