<?xml version="1.0" encoding="UTF-8"?>
<!-- Generated by org.testng.reporters.JUnitXMLReporter -->
<testsuite hostname="DESKTOP-1UNN7PP" ignored="0" name="TestingGoogle6" tests="4" failures="0" timestamp="2019-06-25T17:57:46 BST" time="0.027" errors="0">
  <testcase name="loginTest" time="0.0" classname="testng.TestNgFeatures"/>
  <testcase name="SearchPageTest" time="0.0" classname="testng.TestNgFeatures"/>
  <testcase name="HomePageTest" time="0.0" classname="testng.TestNgFeatures"/>
  <testcase name="RegPageTest" time="0.004" classname="testng.TestNgFeatures"/>
</testsuite> <!-- TestingGoogle6 -->
