<?xml version="1.0" encoding="UTF-8"?>
<testng-results skipped="0" failed="0" ignored="0" total="2" passed="2">
  <reporter-output>
  </reporter-output>
  <suite name="Default suite" duration-ms="12861" started-at="2019-06-25T15:48:47 BST" finished-at="2019-06-25T15:49:00 BST">
    <groups>
      <group name="Title">
        <method signature="GoogleTitleTest.googleLogoTest()[pri:2, instance:testng.GoogleTitleTest@5762806e]" name="googleLogoTest" class="testng.GoogleTitleTest"/>
      </group> <!-- Title -->
      <group name="Title 11">
        <method signature="GoogleTitleTest.googleTitleTest()[pri:11, instance:testng.GoogleTitleTest@5762806e]" name="googleTitleTest" class="testng.GoogleTitleTest"/>
      </group> <!-- Title 11 -->
    </groups>
    <test name="Default test" duration-ms="12861" started-at="2019-06-25T15:48:47 BST" finished-at="2019-06-25T15:49:00 BST">
      <class name="testng.GoogleTitleTest">
        <test-method status="PASS" signature="setUp()[pri:0, instance:testng.GoogleTitleTest@5762806e]" name="setUp" is-config="true" duration-ms="5855" started-at="2019-06-25T15:48:47 BST" finished-at="2019-06-25T15:48:53 BST">
          <reporter-output>
          </reporter-output>
        </test-method> <!-- setUp -->
        <test-method status="PASS" signature="googleLogoTest()[pri:2, instance:testng.GoogleTitleTest@5762806e]" name="googleLogoTest" duration-ms="102" started-at="2019-06-25T15:48:53 BST" finished-at="2019-06-25T15:48:53 BST">
          <reporter-output>
          </reporter-output>
        </test-method> <!-- googleLogoTest -->
        <test-method status="PASS" signature="tearDown()[pri:0, instance:testng.GoogleTitleTest@5762806e]" name="tearDown" is-config="true" duration-ms="774" started-at="2019-06-25T15:48:53 BST" finished-at="2019-06-25T15:48:54 BST">
          <reporter-output>
          </reporter-output>
        </test-method> <!-- tearDown -->
        <test-method status="PASS" signature="setUp()[pri:0, instance:testng.GoogleTitleTest@5762806e]" name="setUp" is-config="true" duration-ms="5388" started-at="2019-06-25T15:48:54 BST" finished-at="2019-06-25T15:48:59 BST">
          <reporter-output>
          </reporter-output>
        </test-method> <!-- setUp -->
        <test-method status="PASS" signature="googleTitleTest()[pri:11, instance:testng.GoogleTitleTest@5762806e]" name="googleTitleTest" duration-ms="7" started-at="2019-06-25T15:48:59 BST" finished-at="2019-06-25T15:48:59 BST">
          <reporter-output>
          </reporter-output>
        </test-method> <!-- googleTitleTest -->
        <test-method status="PASS" signature="tearDown()[pri:0, instance:testng.GoogleTitleTest@5762806e]" name="tearDown" is-config="true" duration-ms="682" started-at="2019-06-25T15:48:59 BST" finished-at="2019-06-25T15:49:00 BST">
          <reporter-output>
          </reporter-output>
        </test-method> <!-- tearDown -->
      </class> <!-- testng.GoogleTitleTest -->
    </test> <!-- Default test -->
  </suite> <!-- Default suite -->
</testng-results>
